<?xml version="1.0" encoding="utf-8"?><testsuites><testsuite name="pytest" errors="0" failures="0" skipped="3" tests="21" time="0.181" timestamp="2020-12-08T12:59:13.531724" hostname="scc-107-05"><testcase classname="tests.test_simple" name="test_make_wallet" time="0.001" /><testcase classname="tests.test_simple" name="test_make_empty_wallet" time="0.001" /><testcase classname="tests.test_simple" name="test_add_money" time="0.001" /><testcase classname="tests.test_simple" name="test_make_payment" time="0.001" /><testcase classname="tests.test_simple" name="test_make_not_empty_wallet" time="0.001" /><testcase classname="tests.test_simple" name="test_make_payment_more_that_wallet" time="0.001"><skipped type="pytest.xfail" message="" /></testcase><testcase classname="tests.test_simple" name="test_make_wrong_payment_amount" time="0.001"><skipped type="pytest.xfail" message="" /></testcase><testcase classname="tests.test_simple" name="test_make_some_transfer[15-10-0-10]" time="0.003" /><testcase classname="tests.test_simple" name="test_make_some_transfer[15-5-1-6]" time="0.002" /><testcase classname="tests.test_simple" name="test_make_loop_payment[10]" time="0.001" /><testcase classname="tests.test_simple" name="test_make_loop_payment[20]" time="0.001" /><testcase classname="tests.test_simple" name="test_make_loop_back_payment" time="0.001" /><testcase classname="tests.test_simple" name="test_make_wrong_add_money_parameter" time="0.001"><skipped type="pytest.xfail" message="" /></testcase><testcase classname="tests.test_simple" name="test_cross_params[1-10]" time="0.002" /><testcase classname="tests.test_simple" name="test_cross_params[1-20]" time="0.002" /><testcase classname="tests.test_simple" name="test_cross_params[3-10]" time="0.002" /><testcase classname="tests.test_simple" name="test_cross_params[3-20]" time="0.002" /><testcase classname="tests.test_simple" name="test_cross_params[5-10]" time="0.002" /><testcase classname="tests.test_simple" name="test_cross_params[5-20]" time="0.002" /><testcase classname="tests.test_simple" name="test_cross_params[10-10]" time="0.001" /><testcase classname="tests.test_simple" name="test_cross_params[10-20]" time="0.002" /></testsuite></testsuites>