{"name": "test_make_wrong_payment_amount", "status": "skipped", "statusDetails": {"message": "XFAIL\n\nAssertionError: assert False", "trace": "@pytest.mark.xfail\n    def test_make_wrong_payment_amount():\n        \"\"\"\n        Wrong argument for payment method\n        \"\"\"\n        first_wallet = Wallet(10)\n        second_wallet = Wallet(2)\n        try:\n>           second_wallet.make_payment(first_wallet, 'asd')\n\ntest_simple.py:75: \n_ _ _ _ _ _ _ _ _ _ _ _ _ _ _ _ _ _ _ _ _ _ _ _ _ _ _ _ _ _ _ _ _ _ _ _ _ _ _ _\n\nself = <wallet.Wallet object at 0x0000000003A375B0>\nwallet = <wallet.Wallet object at 0x0000000003A37FD0>, amount = 'asd'\n\n    def make_payment(self, wallet, amount):\n        \"\"\"\n        Make payment from wallet to wallet\n        :param wallet:\n        :param amount:\n        :return:\n        \"\"\"\n>       self.__amount -= amount\nE       TypeError: unsupported operand type(s) for -=: 'int' and 'str'\n\n..\\app\\wallet.py:32: TypeError\n\nDuring handling of the above exception, another exception occurred:\n\n    @pytest.mark.xfail\n    def test_make_wrong_payment_amount():\n        \"\"\"\n        Wrong argument for payment method\n        \"\"\"\n        first_wallet = Wallet(10)\n        second_wallet = Wallet(2)\n        try:\n            second_wallet.make_payment(first_wallet, 'asd')\n    \n        except Exception:\n>           assert False\nE           assert False\n\ntest_simple.py:78: AssertionError"}, "description": "\n    Wrong argument for payment method\n    ", "start": 1607421553658, "stop": 1607421553659, "uuid": "af75bedf-613c-4070-99ae-27c28d7d9039", "historyId": "5422d5b3172ee26c8c2fcbd03e20231e", "testCaseId": "214edb1c99164d1718567bc3b71fc9d1", "fullName": "tests.test_simple#test_make_wrong_payment_amount", "labels": [{"name": "tag", "value": "@pytest.mark.xfail"}, {"name": "parentSuite", "value": "tests"}, {"name": "suite", "value": "test_simple"}, {"name": "host", "value": "scc-107-05"}, {"name": "thread", "value": "28200-MainThread"}, {"name": "framework", "value": "pytest"}, {"name": "language", "value": "cpython3"}, {"name": "package", "value": "tests.test_simple"}]}